{"C:\\Users\\NickNg\\Documents\\Nick\\Canada\\Job Application\\BC Public Service + New West - 06062023\\Tech Test\\frontend\\src\\App.js": {"path":"C:\\Users\\NickNg\\Documents\\Nick\\Canada\\Job Application\\BC Public Service + New West - 06062023\\Tech Test\\frontend\\src\\App.js","statementMap":{"0":{"start":{"line":14,"column":23},"end":{"line":14,"column":36}},"1":{"start":{"line":16,"column":2},"end":{"line":48,"column":4}}},"fnMap":{"0":{"name":"App","decl":{"start":{"line":12,"column":9},"end":{"line":12,"column":12}},"loc":{"start":{"line":12,"column":15},"end":{"line":49,"column":1}},"line":12}},"branchMap":{},"s":{"0":1,"1":1},"f":{"0":1},"b":{},"_coverageSchema":"1a1c01bbd47fc00a2c39e90264f33305004495a9","hash":"49b00a8b2930d377428071647d0451f6001c0998"}
,"C:\\Users\\NickNg\\Documents\\Nick\\Canada\\Job Application\\BC Public Service + New West - 06062023\\Tech Test\\frontend\\src\\index.js": {"path":"C:\\Users\\NickNg\\Documents\\Nick\\Canada\\Job Application\\BC Public Service + New West - 06062023\\Tech Test\\frontend\\src\\index.js","statementMap":{"0":{"start":{"line":7,"column":13},"end":{"line":7,"column":65}},"1":{"start":{"line":8,"column":0},"end":{"line":12,"column":2}},"2":{"start":{"line":17,"column":0},"end":{"line":17,"column":18}}},"fnMap":{},"branchMap":{},"s":{"0":0,"1":0,"2":0},"f":{},"b":{}}
,"C:\\Users\\NickNg\\Documents\\Nick\\Canada\\Job Application\\BC Public Service + New West - 06062023\\Tech Test\\frontend\\src\\reportWebVitals.js": {"path":"C:\\Users\\NickNg\\Documents\\Nick\\Canada\\Job Application\\BC Public Service + New West - 06062023\\Tech Test\\frontend\\src\\reportWebVitals.js","statementMap":{"0":{"start":{"line":1,"column":24},"end":{"line":11,"column":1}},"1":{"start":{"line":2,"column":2},"end":{"line":10,"column":3}},"2":{"start":{"line":3,"column":4},"end":{"line":9,"column":7}},"3":{"start":{"line":4,"column":6},"end":{"line":4,"column":26}},"4":{"start":{"line":5,"column":6},"end":{"line":5,"column":26}},"5":{"start":{"line":6,"column":6},"end":{"line":6,"column":26}},"6":{"start":{"line":7,"column":6},"end":{"line":7,"column":26}},"7":{"start":{"line":8,"column":6},"end":{"line":8,"column":27}}},"fnMap":{"0":{"name":"(anonymous_0)","decl":{"start":{"line":1,"column":24},"end":{"line":1,"column":25}},"loc":{"start":{"line":1,"column":39},"end":{"line":11,"column":1}},"line":1},"1":{"name":"(anonymous_1)","decl":{"start":{"line":3,"column":30},"end":{"line":3,"column":31}},"loc":{"start":{"line":3,"column":79},"end":{"line":9,"column":5}},"line":3}},"branchMap":{"0":{"loc":{"start":{"line":2,"column":2},"end":{"line":10,"column":3}},"type":"if","locations":[{"start":{"line":2,"column":2},"end":{"line":10,"column":3}},{"start":{},"end":{}}],"line":2},"1":{"loc":{"start":{"line":2,"column":6},"end":{"line":2,"column":52}},"type":"binary-expr","locations":[{"start":{"line":2,"column":6},"end":{"line":2,"column":17}},{"start":{"line":2,"column":21},"end":{"line":2,"column":52}}],"line":2}},"s":{"0":0,"1":0,"2":0,"3":0,"4":0,"5":0,"6":0,"7":0},"f":{"0":0,"1":0},"b":{"0":[0,0],"1":[0,0]}}
,"C:\\Users\\NickNg\\Documents\\Nick\\Canada\\Job Application\\BC Public Service + New West - 06062023\\Tech Test\\frontend\\src\\components\\Footer.js": {"path":"C:\\Users\\NickNg\\Documents\\Nick\\Canada\\Job Application\\BC Public Service + New West - 06062023\\Tech Test\\frontend\\src\\components\\Footer.js","statementMap":{"0":{"start":{"line":6,"column":4},"end":{"line":24,"column":6}}},"fnMap":{"0":{"name":"Footer","decl":{"start":{"line":5,"column":24},"end":{"line":5,"column":30}},"loc":{"start":{"line":5,"column":33},"end":{"line":25,"column":1}},"line":5}},"branchMap":{},"s":{"0":2},"f":{"0":2},"b":{},"_coverageSchema":"1a1c01bbd47fc00a2c39e90264f33305004495a9","hash":"4bd7d86747c9cf666d116cdc60cc87c128880d1f"}
,"C:\\Users\\NickNg\\Documents\\Nick\\Canada\\Job Application\\BC Public Service + New West - 06062023\\Tech Test\\frontend\\src\\components\\Header.js": {"path":"C:\\Users\\NickNg\\Documents\\Nick\\Canada\\Job Application\\BC Public Service + New West - 06062023\\Tech Test\\frontend\\src\\components\\Header.js","statementMap":{"0":{"start":{"line":13,"column":21},"end":{"line":13,"column":34}},"1":{"start":{"line":14,"column":40},"end":{"line":14,"column":61}},"2":{"start":{"line":16,"column":4},"end":{"line":79,"column":6}},"3":{"start":{"line":29,"column":28},"end":{"line":29,"column":47}},"4":{"start":{"line":44,"column":16},"end":{"line":44,"column":36}},"5":{"start":{"line":50,"column":24},"end":{"line":50,"column":44}},"6":{"start":{"line":56,"column":28},"end":{"line":56,"column":41}},"7":{"start":{"line":66,"column":28},"end":{"line":66,"column":52}}},"fnMap":{"0":{"name":"Header","decl":{"start":{"line":12,"column":24},"end":{"line":12,"column":30}},"loc":{"start":{"line":12,"column":33},"end":{"line":80,"column":1}},"line":12},"1":{"name":"(anonymous_1)","decl":{"start":{"line":28,"column":33},"end":{"line":28,"column":34}},"loc":{"start":{"line":28,"column":39},"end":{"line":30,"column":25}},"line":28},"2":{"name":"(anonymous_2)","decl":{"start":{"line":43,"column":63},"end":{"line":43,"column":64}},"loc":{"start":{"line":43,"column":69},"end":{"line":45,"column":13}},"line":43},"3":{"name":"(anonymous_3)","decl":{"start":{"line":49,"column":29},"end":{"line":49,"column":30}},"loc":{"start":{"line":49,"column":35},"end":{"line":51,"column":21}},"line":49},"4":{"name":"(anonymous_4)","decl":{"start":{"line":55,"column":58},"end":{"line":55,"column":59}},"loc":{"start":{"line":55,"column":64},"end":{"line":57,"column":25}},"line":55},"5":{"name":"(anonymous_5)","decl":{"start":{"line":65,"column":58},"end":{"line":65,"column":59}},"loc":{"start":{"line":65,"column":64},"end":{"line":67,"column":25}},"line":65}},"branchMap":{},"s":{"0":4,"1":4,"2":4,"3":1,"4":0,"5":0,"6":0,"7":0},"f":{"0":4,"1":1,"2":0,"3":0,"4":0,"5":0},"b":{},"_coverageSchema":"1a1c01bbd47fc00a2c39e90264f33305004495a9","hash":"c3ebaf944610a0df1430715fc8b381cc741da698"}
,"C:\\Users\\NickNg\\Documents\\Nick\\Canada\\Job Application\\BC Public Service + New West - 06062023\\Tech Test\\frontend\\src\\components\\LoadingWrapper.js": {"path":"C:\\Users\\NickNg\\Documents\\Nick\\Canada\\Job Application\\BC Public Service + New West - 06062023\\Tech Test\\frontend\\src\\components\\LoadingWrapper.js","statementMap":{"0":{"start":{"line":5,"column":2},"end":{"line":17,"column":4}}},"fnMap":{"0":{"name":"LoadingWrapper","decl":{"start":{"line":4,"column":24},"end":{"line":4,"column":38}},"loc":{"start":{"line":4,"column":72},"end":{"line":18,"column":1}},"line":4}},"branchMap":{"0":{"loc":{"start":{"line":8,"column":11},"end":{"line":14,"column":17}},"type":"cond-expr","locations":[{"start":{"line":9,"column":14},"end":{"line":9,"column":32}},{"start":{"line":11,"column":14},"end":{"line":14,"column":17}}],"line":8}},"s":{"0":2},"f":{"0":2},"b":{"0":[1,1]},"_coverageSchema":"1a1c01bbd47fc00a2c39e90264f33305004495a9","hash":"b58d4779562f9ca64ae13fa233cf42b975c54f36"}
,"C:\\Users\\NickNg\\Documents\\Nick\\Canada\\Job Application\\BC Public Service + New West - 06062023\\Tech Test\\frontend\\src\\components\\ProductForm.js": {"path":"C:\\Users\\NickNg\\Documents\\Nick\\Canada\\Job Application\\BC Public Service + New West - 06062023\\Tech Test\\frontend\\src\\components\\ProductForm.js","statementMap":{"0":{"start":{"line":20,"column":42},"end":{"line":20,"column":54}},"1":{"start":{"line":21,"column":38},"end":{"line":21,"column":50}},"2":{"start":{"line":22,"column":42},"end":{"line":22,"column":54}},"3":{"start":{"line":23,"column":46},"end":{"line":23,"column":58}},"4":{"start":{"line":24,"column":42},"end":{"line":24,"column":53}},"5":{"start":{"line":26,"column":4},"end":{"line":49,"column":22}},"6":{"start":{"line":28,"column":8},"end":{"line":48,"column":11}},"7":{"start":{"line":29,"column":12},"end":{"line":47,"column":13}},"8":{"start":{"line":31,"column":20},"end":{"line":31,"column":51}},"9":{"start":{"line":32,"column":20},"end":{"line":32,"column":26}},"10":{"start":{"line":34,"column":20},"end":{"line":34,"column":49}},"11":{"start":{"line":35,"column":20},"end":{"line":35,"column":26}},"12":{"start":{"line":37,"column":20},"end":{"line":37,"column":51}},"13":{"start":{"line":38,"column":20},"end":{"line":38,"column":26}},"14":{"start":{"line":40,"column":20},"end":{"line":40,"column":53}},"15":{"start":{"line":41,"column":20},"end":{"line":41,"column":26}},"16":{"start":{"line":43,"column":20},"end":{"line":43,"column":51}},"17":{"start":{"line":44,"column":20},"end":{"line":44,"column":26}},"18":{"start":{"line":46,"column":20},"end":{"line":46,"column":26}},"19":{"start":{"line":51,"column":23},"end":{"line":61,"column":5}},"20":{"start":{"line":53,"column":25},"end":{"line":59,"column":9}},"21":{"start":{"line":60,"column":8},"end":{"line":60,"column":29}},"22":{"start":{"line":63,"column":4},"end":{"line":172,"column":6}},"23":{"start":{"line":83,"column":32},"end":{"line":83,"column":66}},"24":{"start":{"line":96,"column":46},"end":{"line":96,"column":58}},"25":{"start":{"line":97,"column":32},"end":{"line":99,"column":33}},"26":{"start":{"line":98,"column":36},"end":{"line":98,"column":68}},"27":{"start":{"line":113,"column":32},"end":{"line":113,"column":66}},"28":{"start":{"line":123,"column":75},"end":{"line":123,"column":87}},"29":{"start":{"line":125,"column":32},"end":{"line":125,"column":59}},"30":{"start":{"line":127,"column":53},"end":{"line":127,"column":101}},"31":{"start":{"line":140,"column":36},"end":{"line":140,"column":70}},"32":{"start":{"line":145,"column":36},"end":{"line":149,"column":37}}},"fnMap":{"0":{"name":"ProductForm","decl":{"start":{"line":19,"column":24},"end":{"line":19,"column":35}},"loc":{"start":{"line":19,"column":96},"end":{"line":173,"column":1}},"line":19},"1":{"name":"(anonymous_1)","decl":{"start":{"line":26,"column":14},"end":{"line":26,"column":15}},"loc":{"start":{"line":26,"column":20},"end":{"line":49,"column":5}},"line":26},"2":{"name":"(anonymous_2)","decl":{"start":{"line":28,"column":37},"end":{"line":28,"column":38}},"loc":{"start":{"line":28,"column":47},"end":{"line":48,"column":9}},"line":28},"3":{"name":"(anonymous_3)","decl":{"start":{"line":51,"column":23},"end":{"line":51,"column":24}},"loc":{"start":{"line":51,"column":29},"end":{"line":61,"column":5}},"line":51},"4":{"name":"(anonymous_4)","decl":{"start":{"line":82,"column":38},"end":{"line":82,"column":39}},"loc":{"start":{"line":82,"column":49},"end":{"line":84,"column":29}},"line":82},"5":{"name":"(anonymous_5)","decl":{"start":{"line":95,"column":38},"end":{"line":95,"column":39}},"loc":{"start":{"line":95,"column":49},"end":{"line":100,"column":29}},"line":95},"6":{"name":"(anonymous_6)","decl":{"start":{"line":112,"column":38},"end":{"line":112,"column":39}},"loc":{"start":{"line":112,"column":49},"end":{"line":114,"column":29}},"line":112},"7":{"name":"(anonymous_7)","decl":{"start":{"line":123,"column":63},"end":{"line":123,"column":64}},"loc":{"start":{"line":123,"column":75},"end":{"line":123,"column":87}},"line":123},"8":{"name":"(anonymous_8)","decl":{"start":{"line":124,"column":43},"end":{"line":124,"column":44}},"loc":{"start":{"line":124,"column":64},"end":{"line":126,"column":29}},"line":124},"9":{"name":"(anonymous_9)","decl":{"start":{"line":127,"column":41},"end":{"line":127,"column":42}},"loc":{"start":{"line":127,"column":53},"end":{"line":127,"column":101}},"line":127},"10":{"name":"(anonymous_10)","decl":{"start":{"line":139,"column":42},"end":{"line":139,"column":43}},"loc":{"start":{"line":139,"column":53},"end":{"line":141,"column":33}},"line":139},"11":{"name":"(anonymous_11)","decl":{"start":{"line":144,"column":57},"end":{"line":144,"column":58}},"loc":{"start":{"line":144,"column":62},"end":{"line":150,"column":33}},"line":144}},"branchMap":{"0":{"loc":{"start":{"line":29,"column":12},"end":{"line":47,"column":13}},"type":"switch","locations":[{"start":{"line":30,"column":16},"end":{"line":32,"column":26}},{"start":{"line":33,"column":16},"end":{"line":35,"column":26}},{"start":{"line":36,"column":16},"end":{"line":38,"column":26}},{"start":{"line":39,"column":16},"end":{"line":41,"column":26}},{"start":{"line":42,"column":16},"end":{"line":44,"column":26}},{"start":{"line":45,"column":16},"end":{"line":46,"column":26}}],"line":29},"1":{"loc":{"start":{"line":97,"column":32},"end":{"line":99,"column":33}},"type":"if","locations":[{"start":{"line":97,"column":32},"end":{"line":99,"column":33}},{"start":{},"end":{}}],"line":97},"2":{"loc":{"start":{"line":97,"column":36},"end":{"line":97,"column":95}},"type":"binary-expr","locations":[{"start":{"line":97,"column":36},"end":{"line":97,"column":61}},{"start":{"line":97,"column":65},"end":{"line":97,"column":95}}],"line":97},"3":{"loc":{"start":{"line":165,"column":17},"end":{"line":168,"column":25}},"type":"cond-expr","locations":[{"start":{"line":166,"column":20},"end":{"line":166,"column":96}},{"start":{"line":168,"column":20},"end":{"line":168,"column":25}}],"line":165}},"s":{"0":1,"1":1,"2":1,"3":1,"4":1,"5":1,"6":1,"7":0,"8":0,"9":0,"10":0,"11":0,"12":0,"13":0,"14":0,"15":0,"16":0,"17":0,"18":0,"19":1,"20":0,"21":0,"22":1,"23":0,"24":0,"25":0,"26":0,"27":0,"28":146,"29":0,"30":2,"31":0,"32":3},"f":{"0":1,"1":1,"2":0,"3":0,"4":0,"5":0,"6":0,"7":146,"8":0,"9":2,"10":0,"11":3},"b":{"0":[0,0,0,0,0,0],"1":[0,0],"2":[0,0],"3":[0,1]},"_coverageSchema":"1a1c01bbd47fc00a2c39e90264f33305004495a9","hash":"816656e406940d7903df2b1abedc08d6d6e9c2e0"}
,"C:\\Users\\NickNg\\Documents\\Nick\\Canada\\Job Application\\BC Public Service + New West - 06062023\\Tech Test\\frontend\\src\\components\\SimpleBreadcrumbs.js": {"path":"C:\\Users\\NickNg\\Documents\\Nick\\Canada\\Job Application\\BC Public Service + New West - 06062023\\Tech Test\\frontend\\src\\components\\SimpleBreadcrumbs.js","statementMap":{"0":{"start":{"line":7,"column":17},"end":{"line":7,"column":30}},"1":{"start":{"line":10,"column":20},"end":{"line":10,"column":65}},"2":{"start":{"line":10,"column":63},"end":{"line":10,"column":64}},"3":{"start":{"line":13,"column":22},"end":{"line":17,"column":3}},"4":{"start":{"line":14,"column":4},"end":{"line":16,"column":6}},"5":{"start":{"line":15,"column":6},"end":{"line":15,"column":69}},"6":{"start":{"line":19,"column":2},"end":{"line":46,"column":3}},"7":{"start":{"line":29,"column":23},"end":{"line":29,"column":53}},"8":{"start":{"line":30,"column":21},"end":{"line":30,"column":66}},"9":{"start":{"line":32,"column":10},"end":{"line":42,"column":11}}},"fnMap":{"0":{"name":"SimpleBreadcrumbs","decl":{"start":{"line":5,"column":24},"end":{"line":5,"column":41}},"loc":{"start":{"line":5,"column":44},"end":{"line":47,"column":1}},"line":5},"1":{"name":"(anonymous_1)","decl":{"start":{"line":10,"column":56},"end":{"line":10,"column":57}},"loc":{"start":{"line":10,"column":63},"end":{"line":10,"column":64}},"line":10},"2":{"name":"(anonymous_2)","decl":{"start":{"line":13,"column":22},"end":{"line":13,"column":23}},"loc":{"start":{"line":13,"column":31},"end":{"line":17,"column":3}},"line":13},"3":{"name":"(anonymous_3)","decl":{"start":{"line":14,"column":33},"end":{"line":14,"column":34}},"loc":{"start":{"line":14,"column":46},"end":{"line":16,"column":5}},"line":14},"4":{"name":"(anonymous_4)","decl":{"start":{"line":28,"column":23},"end":{"line":28,"column":24}},"loc":{"start":{"line":28,"column":41},"end":{"line":43,"column":9}},"line":28}},"branchMap":{"0":{"loc":{"start":{"line":32,"column":17},"end":{"line":42,"column":11}},"type":"cond-expr","locations":[{"start":{"line":34,"column":12},"end":{"line":36,"column":25}},{"start":{"line":39,"column":12},"end":{"line":41,"column":19}}],"line":32}},"s":{"0":2,"1":2,"2":4,"3":2,"4":0,"5":0,"6":2,"7":0,"8":0,"9":0},"f":{"0":2,"1":4,"2":0,"3":0,"4":0},"b":{"0":[0,0]},"_coverageSchema":"1a1c01bbd47fc00a2c39e90264f33305004495a9","hash":"90fe6a873cce18bbd1150ad68f5487089d71b430"}
,"C:\\Users\\NickNg\\Documents\\Nick\\Canada\\Job Application\\BC Public Service + New West - 06062023\\Tech Test\\frontend\\src\\components\\YesNoDialog.js": {"path":"C:\\Users\\NickNg\\Documents\\Nick\\Canada\\Job Application\\BC Public Service + New West - 06062023\\Tech Test\\frontend\\src\\components\\YesNoDialog.js","statementMap":{"0":{"start":{"line":9,"column":2},"end":{"line":34,"column":4}},"1":{"start":{"line":25,"column":33},"end":{"line":25,"column":54}}},"fnMap":{"0":{"name":"YesNoDialog","decl":{"start":{"line":8,"column":24},"end":{"line":8,"column":35}},"loc":{"start":{"line":8,"column":88},"end":{"line":35,"column":1}},"line":8},"1":{"name":"(anonymous_1)","decl":{"start":{"line":25,"column":25},"end":{"line":25,"column":26}},"loc":{"start":{"line":25,"column":31},"end":{"line":25,"column":56}},"line":25}},"branchMap":{},"s":{"0":1,"1":0},"f":{"0":1,"1":0},"b":{},"_coverageSchema":"1a1c01bbd47fc00a2c39e90264f33305004495a9","hash":"52a67de47658209970135d375ede2b81b9811ab2"}
,"C:\\Users\\NickNg\\Documents\\Nick\\Canada\\Job Application\\BC Public Service + New West - 06062023\\Tech Test\\frontend\\src\\pages\\AddProduct\\index.js": {"path":"C:\\Users\\NickNg\\Documents\\Nick\\Canada\\Job Application\\BC Public Service + New West - 06062023\\Tech Test\\frontend\\src\\pages\\AddProduct\\index.js","statementMap":{"0":{"start":{"line":15,"column":23},"end":{"line":74,"column":1}},"1":{"start":{"line":16,"column":19},"end":{"line":16,"column":32}},"2":{"start":{"line":17,"column":33},"end":{"line":17,"column":48}},"3":{"start":{"line":18,"column":32},"end":{"line":18,"column":47}},"4":{"start":{"line":19,"column":36},"end":{"line":19,"column":51}},"5":{"start":{"line":22,"column":18},"end":{"line":46,"column":3}},"6":{"start":{"line":23,"column":4},"end":{"line":23,"column":23}},"7":{"start":{"line":24,"column":4},"end":{"line":45,"column":5}},"8":{"start":{"line":25,"column":23},"end":{"line":31,"column":8}},"9":{"start":{"line":33,"column":6},"end":{"line":33,"column":26}},"10":{"start":{"line":35,"column":6},"end":{"line":40,"column":7}},"11":{"start":{"line":36,"column":8},"end":{"line":36,"column":25}},"12":{"start":{"line":37,"column":8},"end":{"line":37,"column":50}},"13":{"start":{"line":37,"column":27},"end":{"line":37,"column":40}},"14":{"start":{"line":39,"column":8},"end":{"line":39,"column":25}},"15":{"start":{"line":42,"column":6},"end":{"line":42,"column":67}},"16":{"start":{"line":43,"column":6},"end":{"line":43,"column":26}},"17":{"start":{"line":44,"column":6},"end":{"line":44,"column":23}},"18":{"start":{"line":48,"column":2},"end":{"line":73,"column":4}}},"fnMap":{"0":{"name":"(anonymous_0)","decl":{"start":{"line":15,"column":23},"end":{"line":15,"column":24}},"loc":{"start":{"line":15,"column":29},"end":{"line":74,"column":1}},"line":15},"1":{"name":"(anonymous_1)","decl":{"start":{"line":22,"column":18},"end":{"line":22,"column":19}},"loc":{"start":{"line":22,"column":34},"end":{"line":46,"column":3}},"line":22},"2":{"name":"(anonymous_2)","decl":{"start":{"line":37,"column":19},"end":{"line":37,"column":20}},"loc":{"start":{"line":37,"column":25},"end":{"line":37,"column":42}},"line":37}},"branchMap":{"0":{"loc":{"start":{"line":35,"column":6},"end":{"line":40,"column":7}},"type":"if","locations":[{"start":{"line":35,"column":6},"end":{"line":40,"column":7}},{"start":{"line":38,"column":13},"end":{"line":40,"column":7}}],"line":35},"1":{"loc":{"start":{"line":50,"column":7},"end":{"line":70,"column":15}},"type":"cond-expr","locations":[{"start":{"line":52,"column":8},"end":{"line":55,"column":16}},{"start":{"line":58,"column":8},"end":{"line":70,"column":15}}],"line":50}},"s":{"0":1,"1":0,"2":0,"3":0,"4":0,"5":0,"6":0,"7":0,"8":0,"9":0,"10":0,"11":0,"12":0,"13":0,"14":0,"15":0,"16":0,"17":0,"18":0},"f":{"0":0,"1":0,"2":0},"b":{"0":[0,0],"1":[0,0]},"_coverageSchema":"1a1c01bbd47fc00a2c39e90264f33305004495a9","hash":"a6514ae149481854b2e16504da58334fa85d7b74"}
,"C:\\Users\\NickNg\\Documents\\Nick\\Canada\\Job Application\\BC Public Service + New West - 06062023\\Tech Test\\frontend\\src\\pages\\Product\\index.js": {"path":"C:\\Users\\NickNg\\Documents\\Nick\\Canada\\Job Application\\BC Public Service + New West - 06062023\\Tech Test\\frontend\\src\\pages\\Product\\index.js","statementMap":{"0":{"start":{"line":24,"column":20},"end":{"line":132,"column":1}},"1":{"start":{"line":25,"column":16},"end":{"line":25,"column":27}},"2":{"start":{"line":26,"column":19},"end":{"line":26,"column":32}},"3":{"start":{"line":27,"column":40},"end":{"line":27,"column":52}},"4":{"start":{"line":28,"column":39},"end":{"line":28,"column":54}},"5":{"start":{"line":29,"column":33},"end":{"line":29,"column":48}},"6":{"start":{"line":30,"column":36},"end":{"line":30,"column":50}},"7":{"start":{"line":33,"column":21},"end":{"line":42,"column":3}},"8":{"start":{"line":34,"column":4},"end":{"line":34,"column":23}},"9":{"start":{"line":35,"column":21},"end":{"line":35,"column":82}},"10":{"start":{"line":36,"column":4},"end":{"line":41,"column":5}},"11":{"start":{"line":37,"column":6},"end":{"line":37,"column":26}},"12":{"start":{"line":38,"column":6},"end":{"line":38,"column":23}},"13":{"start":{"line":39,"column":6},"end":{"line":39,"column":27}},"14":{"start":{"line":40,"column":6},"end":{"line":40,"column":48}},"15":{"start":{"line":40,"column":25},"end":{"line":40,"column":38}},"16":{"start":{"line":44,"column":2},"end":{"line":57,"column":17}},"17":{"start":{"line":46,"column":22},"end":{"line":55,"column":5}},"18":{"start":{"line":47,"column":23},"end":{"line":47,"column":62}},"19":{"start":{"line":48,"column":6},"end":{"line":54,"column":7}},"20":{"start":{"line":49,"column":28},"end":{"line":49,"column":49}},"21":{"start":{"line":50,"column":8},"end":{"line":50,"column":36}},"22":{"start":{"line":51,"column":8},"end":{"line":51,"column":28}},"23":{"start":{"line":53,"column":8},"end":{"line":53,"column":21}},"24":{"start":{"line":56,"column":4},"end":{"line":56,"column":16}},"25":{"start":{"line":59,"column":2},"end":{"line":131,"column":4}},"26":{"start":{"line":83,"column":20},"end":{"line":96,"column":21}},"27":{"start":{"line":84,"column":34},"end":{"line":84,"column":48}},"28":{"start":{"line":85,"column":22},"end":{"line":87,"column":23}},"29":{"start":{"line":86,"column":24},"end":{"line":86,"column":68}},"30":{"start":{"line":88,"column":34},"end":{"line":88,"column":72}},"31":{"start":{"line":89,"column":22},"end":{"line":95,"column":23}},"32":{"start":{"line":107,"column":37},"end":{"line":107,"column":56}},"33":{"start":{"line":121,"column":37},"end":{"line":121,"column":76}}},"fnMap":{"0":{"name":"(anonymous_0)","decl":{"start":{"line":24,"column":20},"end":{"line":24,"column":21}},"loc":{"start":{"line":24,"column":26},"end":{"line":132,"column":1}},"line":24},"1":{"name":"(anonymous_1)","decl":{"start":{"line":33,"column":21},"end":{"line":33,"column":22}},"loc":{"start":{"line":33,"column":33},"end":{"line":42,"column":3}},"line":33},"2":{"name":"(anonymous_2)","decl":{"start":{"line":40,"column":17},"end":{"line":40,"column":18}},"loc":{"start":{"line":40,"column":23},"end":{"line":40,"column":40}},"line":40},"3":{"name":"(anonymous_3)","decl":{"start":{"line":44,"column":12},"end":{"line":44,"column":13}},"loc":{"start":{"line":44,"column":18},"end":{"line":57,"column":3}},"line":44},"4":{"name":"(anonymous_4)","decl":{"start":{"line":46,"column":22},"end":{"line":46,"column":23}},"loc":{"start":{"line":46,"column":34},"end":{"line":55,"column":5}},"line":46},"5":{"name":"(anonymous_5)","decl":{"start":{"line":82,"column":48},"end":{"line":82,"column":49}},"loc":{"start":{"line":82,"column":58},"end":{"line":97,"column":19}},"line":82},"6":{"name":"(anonymous_6)","decl":{"start":{"line":107,"column":29},"end":{"line":107,"column":30}},"loc":{"start":{"line":107,"column":35},"end":{"line":107,"column":58}},"line":107},"7":{"name":"(anonymous_7)","decl":{"start":{"line":121,"column":29},"end":{"line":121,"column":30}},"loc":{"start":{"line":121,"column":35},"end":{"line":121,"column":78}},"line":121}},"branchMap":{"0":{"loc":{"start":{"line":36,"column":4},"end":{"line":41,"column":5}},"type":"if","locations":[{"start":{"line":36,"column":4},"end":{"line":41,"column":5}},{"start":{},"end":{}}],"line":36},"1":{"loc":{"start":{"line":48,"column":6},"end":{"line":54,"column":7}},"type":"if","locations":[{"start":{"line":48,"column":6},"end":{"line":54,"column":7}},{"start":{"line":52,"column":13},"end":{"line":54,"column":7}}],"line":48},"2":{"loc":{"start":{"line":61,"column":7},"end":{"line":128,"column":15}},"type":"cond-expr","locations":[{"start":{"line":63,"column":8},"end":{"line":66,"column":16}},{"start":{"line":69,"column":8},"end":{"line":128,"column":15}}],"line":61},"3":{"loc":{"start":{"line":83,"column":20},"end":{"line":96,"column":21}},"type":"if","locations":[{"start":{"line":83,"column":20},"end":{"line":96,"column":21}},{"start":{},"end":{}}],"line":83},"4":{"loc":{"start":{"line":85,"column":22},"end":{"line":87,"column":23}},"type":"if","locations":[{"start":{"line":85,"column":22},"end":{"line":87,"column":23}},{"start":{},"end":{}}],"line":85}},"s":{"0":1,"1":0,"2":0,"3":0,"4":0,"5":0,"6":0,"7":0,"8":0,"9":0,"10":0,"11":0,"12":0,"13":0,"14":0,"15":0,"16":0,"17":0,"18":0,"19":0,"20":0,"21":0,"22":0,"23":0,"24":0,"25":0,"26":0,"27":0,"28":0,"29":0,"30":0,"31":0,"32":0,"33":0},"f":{"0":0,"1":0,"2":0,"3":0,"4":0,"5":0,"6":0,"7":0},"b":{"0":[0,0],"1":[0,0],"2":[0,0],"3":[0,0],"4":[0,0]},"_coverageSchema":"1a1c01bbd47fc00a2c39e90264f33305004495a9","hash":"2231b9d0fce031ea6df9db17a1aba794c2cb28c5"}
,"C:\\Users\\NickNg\\Documents\\Nick\\Canada\\Job Application\\BC Public Service + New West - 06062023\\Tech Test\\frontend\\src\\pages\\Products\\index.js": {"path":"C:\\Users\\NickNg\\Documents\\Nick\\Canada\\Job Application\\BC Public Service + New West - 06062023\\Tech Test\\frontend\\src\\pages\\Products\\index.js","statementMap":{"0":{"start":{"line":15,"column":21},"end":{"line":76,"column":1}},"1":{"start":{"line":16,"column":19},"end":{"line":16,"column":32}},"2":{"start":{"line":17,"column":42},"end":{"line":17,"column":54}},"3":{"start":{"line":18,"column":36},"end":{"line":18,"column":50}},"4":{"start":{"line":20,"column":2},"end":{"line":30,"column":9}},"5":{"start":{"line":22,"column":22},"end":{"line":28,"column":5}},"6":{"start":{"line":23,"column":23},"end":{"line":23,"column":51}},"7":{"start":{"line":24,"column":6},"end":{"line":24,"column":26}},"8":{"start":{"line":25,"column":6},"end":{"line":27,"column":7}},"9":{"start":{"line":26,"column":8},"end":{"line":26,"column":47}},"10":{"start":{"line":29,"column":4},"end":{"line":29,"column":16}},"11":{"start":{"line":32,"column":2},"end":{"line":75,"column":4}},"12":{"start":{"line":36,"column":75},"end":{"line":36,"column":99}},"13":{"start":{"line":54,"column":14},"end":{"line":69,"column":25}},"14":{"start":{"line":58,"column":33},"end":{"line":58,"column":65}}},"fnMap":{"0":{"name":"(anonymous_0)","decl":{"start":{"line":15,"column":21},"end":{"line":15,"column":22}},"loc":{"start":{"line":15,"column":27},"end":{"line":76,"column":1}},"line":15},"1":{"name":"(anonymous_1)","decl":{"start":{"line":20,"column":12},"end":{"line":20,"column":13}},"loc":{"start":{"line":20,"column":18},"end":{"line":30,"column":3}},"line":20},"2":{"name":"(anonymous_2)","decl":{"start":{"line":22,"column":22},"end":{"line":22,"column":23}},"loc":{"start":{"line":22,"column":34},"end":{"line":28,"column":5}},"line":22},"3":{"name":"(anonymous_3)","decl":{"start":{"line":36,"column":67},"end":{"line":36,"column":68}},"loc":{"start":{"line":36,"column":73},"end":{"line":36,"column":101}},"line":36},"4":{"name":"(anonymous_4)","decl":{"start":{"line":53,"column":30},"end":{"line":53,"column":31}},"loc":{"start":{"line":54,"column":14},"end":{"line":69,"column":25}},"line":54},"5":{"name":"(anonymous_5)","decl":{"start":{"line":58,"column":25},"end":{"line":58,"column":26}},"loc":{"start":{"line":58,"column":31},"end":{"line":58,"column":67}},"line":58}},"branchMap":{"0":{"loc":{"start":{"line":25,"column":6},"end":{"line":27,"column":7}},"type":"if","locations":[{"start":{"line":25,"column":6},"end":{"line":27,"column":7}},{"start":{},"end":{}}],"line":25}},"s":{"0":1,"1":1,"2":1,"3":1,"4":1,"5":1,"6":1,"7":0,"8":0,"9":0,"10":1,"11":1,"12":0,"13":0,"14":0},"f":{"0":1,"1":1,"2":1,"3":0,"4":0,"5":0},"b":{"0":[0,0]},"_coverageSchema":"1a1c01bbd47fc00a2c39e90264f33305004495a9","hash":"94dea54b1bda4f460f387e8b1823a5a10191d3cf"}
,"C:\\Users\\NickNg\\Documents\\Nick\\Canada\\Job Application\\BC Public Service + New West - 06062023\\Tech Test\\frontend\\src\\pages\\UpdateProduct\\index.js": {"path":"C:\\Users\\NickNg\\Documents\\Nick\\Canada\\Job Application\\BC Public Service + New West - 06062023\\Tech Test\\frontend\\src\\pages\\UpdateProduct\\index.js","statementMap":{"0":{"start":{"line":15,"column":26},"end":{"line":90,"column":1}},"1":{"start":{"line":16,"column":16},"end":{"line":16,"column":27}},"2":{"start":{"line":17,"column":19},"end":{"line":17,"column":32}},"3":{"start":{"line":18,"column":40},"end":{"line":18,"column":52}},"4":{"start":{"line":19,"column":33},"end":{"line":19,"column":48}},"5":{"start":{"line":20,"column":32},"end":{"line":20,"column":47}},"6":{"start":{"line":21,"column":36},"end":{"line":21,"column":50}},"7":{"start":{"line":23,"column":21},"end":{"line":47,"column":3}},"8":{"start":{"line":24,"column":4},"end":{"line":24,"column":23}},"9":{"start":{"line":25,"column":4},"end":{"line":46,"column":5}},"10":{"start":{"line":26,"column":23},"end":{"line":32,"column":8}},"11":{"start":{"line":34,"column":6},"end":{"line":34,"column":26}},"12":{"start":{"line":36,"column":6},"end":{"line":41,"column":7}},"13":{"start":{"line":37,"column":8},"end":{"line":37,"column":25}},"14":{"start":{"line":38,"column":8},"end":{"line":38,"column":50}},"15":{"start":{"line":38,"column":27},"end":{"line":38,"column":40}},"16":{"start":{"line":40,"column":8},"end":{"line":40,"column":25}},"17":{"start":{"line":43,"column":6},"end":{"line":43,"column":69}},"18":{"start":{"line":44,"column":6},"end":{"line":44,"column":26}},"19":{"start":{"line":45,"column":6},"end":{"line":45,"column":23}},"20":{"start":{"line":49,"column":2},"end":{"line":62,"column":17}},"21":{"start":{"line":50,"column":22},"end":{"line":60,"column":5}},"22":{"start":{"line":51,"column":6},"end":{"line":51,"column":25}},"23":{"start":{"line":52,"column":23},"end":{"line":52,"column":62}},"24":{"start":{"line":53,"column":6},"end":{"line":59,"column":7}},"25":{"start":{"line":54,"column":28},"end":{"line":54,"column":49}},"26":{"start":{"line":55,"column":8},"end":{"line":55,"column":28}},"27":{"start":{"line":56,"column":8},"end":{"line":56,"column":36}},"28":{"start":{"line":58,"column":8},"end":{"line":58,"column":22}},"29":{"start":{"line":61,"column":4},"end":{"line":61,"column":16}},"30":{"start":{"line":64,"column":2},"end":{"line":89,"column":4}}},"fnMap":{"0":{"name":"(anonymous_0)","decl":{"start":{"line":15,"column":26},"end":{"line":15,"column":27}},"loc":{"start":{"line":15,"column":32},"end":{"line":90,"column":1}},"line":15},"1":{"name":"(anonymous_1)","decl":{"start":{"line":23,"column":21},"end":{"line":23,"column":22}},"loc":{"start":{"line":23,"column":37},"end":{"line":47,"column":3}},"line":23},"2":{"name":"(anonymous_2)","decl":{"start":{"line":38,"column":19},"end":{"line":38,"column":20}},"loc":{"start":{"line":38,"column":25},"end":{"line":38,"column":42}},"line":38},"3":{"name":"(anonymous_3)","decl":{"start":{"line":49,"column":12},"end":{"line":49,"column":13}},"loc":{"start":{"line":49,"column":18},"end":{"line":62,"column":3}},"line":49},"4":{"name":"(anonymous_4)","decl":{"start":{"line":50,"column":22},"end":{"line":50,"column":23}},"loc":{"start":{"line":50,"column":34},"end":{"line":60,"column":5}},"line":50}},"branchMap":{"0":{"loc":{"start":{"line":36,"column":6},"end":{"line":41,"column":7}},"type":"if","locations":[{"start":{"line":36,"column":6},"end":{"line":41,"column":7}},{"start":{"line":39,"column":13},"end":{"line":41,"column":7}}],"line":36},"1":{"loc":{"start":{"line":53,"column":6},"end":{"line":59,"column":7}},"type":"if","locations":[{"start":{"line":53,"column":6},"end":{"line":59,"column":7}},{"start":{"line":57,"column":13},"end":{"line":59,"column":7}}],"line":53},"2":{"loc":{"start":{"line":66,"column":7},"end":{"line":86,"column":15}},"type":"cond-expr","locations":[{"start":{"line":68,"column":8},"end":{"line":71,"column":16}},{"start":{"line":74,"column":8},"end":{"line":86,"column":15}}],"line":66}},"s":{"0":1,"1":0,"2":0,"3":0,"4":0,"5":0,"6":0,"7":0,"8":0,"9":0,"10":0,"11":0,"12":0,"13":0,"14":0,"15":0,"16":0,"17":0,"18":0,"19":0,"20":0,"21":0,"22":0,"23":0,"24":0,"25":0,"26":0,"27":0,"28":0,"29":0,"30":0},"f":{"0":0,"1":0,"2":0,"3":0,"4":0},"b":{"0":[0,0],"1":[0,0],"2":[0,0]},"_coverageSchema":"1a1c01bbd47fc00a2c39e90264f33305004495a9","hash":"dc6b2c429dd1a57de98473e9f4243cacace9bf52"}
}
