TN:
SF:src\App.js
FN:12,App
FNF:1
FNH:1
FNDA:1,App
DA:14,1
DA:16,1
LF:2
LH:2
BRF:0
BRH:0
end_of_record
TN:
SF:src\index.js
FNF:0
FNH:0
DA:7,0
DA:8,0
DA:17,0
LF:3
LH:0
BRF:0
BRH:0
end_of_record
TN:
SF:src\reportWebVitals.js
FN:1,(anonymous_0)
FN:3,(anonymous_1)
FNF:2
FNH:0
FNDA:0,(anonymous_0)
FNDA:0,(anonymous_1)
DA:1,0
DA:2,0
DA:3,0
DA:4,0
DA:5,0
DA:6,0
DA:7,0
DA:8,0
LF:8
LH:0
BRDA:2,0,0,0
BRDA:2,0,1,0
BRDA:2,1,0,0
BRDA:2,1,1,0
BRF:4
BRH:0
end_of_record
TN:
SF:src\components\Footer.js
FN:5,Footer
FNF:1
FNH:1
FNDA:2,Footer
DA:6,2
LF:1
LH:1
BRF:0
BRH:0
end_of_record
TN:
SF:src\components\Header.js
FN:12,Header
FN:28,(anonymous_1)
FN:43,(anonymous_2)
FN:49,(anonymous_3)
FN:55,(anonymous_4)
FN:65,(anonymous_5)
FNF:6
FNH:2
FNDA:4,Header
FNDA:1,(anonymous_1)
FNDA:0,(anonymous_2)
FNDA:0,(anonymous_3)
FNDA:0,(anonymous_4)
FNDA:0,(anonymous_5)
DA:13,4
DA:14,4
DA:16,4
DA:29,1
DA:44,0
DA:50,0
DA:56,0
DA:66,0
LF:8
LH:4
BRF:0
BRH:0
end_of_record
TN:
SF:src\components\LoadingWrapper.js
FN:4,LoadingWrapper
FNF:1
FNH:1
FNDA:2,LoadingWrapper
DA:5,2
LF:1
LH:1
BRDA:8,0,0,1
BRDA:8,0,1,1
BRF:2
BRH:2
end_of_record
TN:
SF:src\components\ProductForm.js
FN:19,ProductForm
FN:26,(anonymous_1)
FN:28,(anonymous_2)
FN:51,(anonymous_3)
FN:82,(anonymous_4)
FN:95,(anonymous_5)
FN:112,(anonymous_6)
FN:123,(anonymous_7)
FN:124,(anonymous_8)
FN:127,(anonymous_9)
FN:139,(anonymous_10)
FN:144,(anonymous_11)
FNF:12
FNH:5
FNDA:1,ProductForm
FNDA:1,(anonymous_1)
FNDA:0,(anonymous_2)
FNDA:0,(anonymous_3)
FNDA:0,(anonymous_4)
FNDA:0,(anonymous_5)
FNDA:0,(anonymous_6)
FNDA:146,(anonymous_7)
FNDA:0,(anonymous_8)
FNDA:2,(anonymous_9)
FNDA:0,(anonymous_10)
FNDA:3,(anonymous_11)
DA:20,1
DA:21,1
DA:22,1
DA:23,1
DA:24,1
DA:26,1
DA:28,1
DA:29,0
DA:31,0
DA:32,0
DA:34,0
DA:35,0
DA:37,0
DA:38,0
DA:40,0
DA:41,0
DA:43,0
DA:44,0
DA:46,0
DA:51,1
DA:53,0
DA:60,0
DA:63,1
DA:83,0
DA:96,0
DA:97,0
DA:98,0
DA:113,0
DA:123,146
DA:125,0
DA:127,2
DA:140,0
DA:145,3
LF:33
LH:12
BRDA:29,0,0,0
BRDA:29,0,1,0
BRDA:29,0,2,0
BRDA:29,0,3,0
BRDA:29,0,4,0
BRDA:29,0,5,0
BRDA:97,1,0,0
BRDA:97,1,1,0
BRDA:97,2,0,0
BRDA:97,2,1,0
BRDA:165,3,0,0
BRDA:165,3,1,1
BRF:12
BRH:1
end_of_record
TN:
SF:src\components\SimpleBreadcrumbs.js
FN:5,SimpleBreadcrumbs
FN:10,(anonymous_1)
FN:13,(anonymous_2)
FN:14,(anonymous_3)
FN:28,(anonymous_4)
FNF:5
FNH:2
FNDA:2,SimpleBreadcrumbs
FNDA:4,(anonymous_1)
FNDA:0,(anonymous_2)
FNDA:0,(anonymous_3)
FNDA:0,(anonymous_4)
DA:7,2
DA:10,4
DA:13,2
DA:14,0
DA:15,0
DA:19,2
DA:29,0
DA:30,0
DA:32,0
LF:9
LH:4
BRDA:32,0,0,0
BRDA:32,0,1,0
BRF:2
BRH:0
end_of_record
TN:
SF:src\components\YesNoDialog.js
FN:8,YesNoDialog
FN:25,(anonymous_1)
FNF:2
FNH:1
FNDA:1,YesNoDialog
FNDA:0,(anonymous_1)
DA:9,1
DA:25,0
LF:2
LH:1
BRF:0
BRH:0
end_of_record
TN:
SF:src\pages\AddProduct\index.js
FN:15,(anonymous_0)
FN:22,(anonymous_1)
FN:37,(anonymous_2)
FNF:3
FNH:0
FNDA:0,(anonymous_0)
FNDA:0,(anonymous_1)
FNDA:0,(anonymous_2)
DA:15,1
DA:16,0
DA:17,0
DA:18,0
DA:19,0
DA:22,0
DA:23,0
DA:24,0
DA:25,0
DA:33,0
DA:35,0
DA:36,0
DA:37,0
DA:39,0
DA:42,0
DA:43,0
DA:44,0
DA:48,0
LF:18
LH:1
BRDA:35,0,0,0
BRDA:35,0,1,0
BRDA:50,1,0,0
BRDA:50,1,1,0
BRF:4
BRH:0
end_of_record
TN:
SF:src\pages\Product\index.js
FN:24,(anonymous_0)
FN:33,(anonymous_1)
FN:40,(anonymous_2)
FN:44,(anonymous_3)
FN:46,(anonymous_4)
FN:82,(anonymous_5)
FN:107,(anonymous_6)
FN:121,(anonymous_7)
FNF:8
FNH:0
FNDA:0,(anonymous_0)
FNDA:0,(anonymous_1)
FNDA:0,(anonymous_2)
FNDA:0,(anonymous_3)
FNDA:0,(anonymous_4)
FNDA:0,(anonymous_5)
FNDA:0,(anonymous_6)
FNDA:0,(anonymous_7)
DA:24,1
DA:25,0
DA:26,0
DA:27,0
DA:28,0
DA:29,0
DA:30,0
DA:33,0
DA:34,0
DA:35,0
DA:36,0
DA:37,0
DA:38,0
DA:39,0
DA:40,0
DA:44,0
DA:46,0
DA:47,0
DA:48,0
DA:49,0
DA:50,0
DA:51,0
DA:53,0
DA:56,0
DA:59,0
DA:83,0
DA:84,0
DA:85,0
DA:86,0
DA:88,0
DA:89,0
DA:107,0
DA:121,0
LF:33
LH:1
BRDA:36,0,0,0
BRDA:36,0,1,0
BRDA:48,1,0,0
BRDA:48,1,1,0
BRDA:61,2,0,0
BRDA:61,2,1,0
BRDA:83,3,0,0
BRDA:83,3,1,0
BRDA:85,4,0,0
BRDA:85,4,1,0
BRF:10
BRH:0
end_of_record
TN:
SF:src\pages\Products\index.js
FN:15,(anonymous_0)
FN:20,(anonymous_1)
FN:22,(anonymous_2)
FN:36,(anonymous_3)
FN:53,(anonymous_4)
FN:58,(anonymous_5)
FNF:6
FNH:3
FNDA:1,(anonymous_0)
FNDA:1,(anonymous_1)
FNDA:1,(anonymous_2)
FNDA:0,(anonymous_3)
FNDA:0,(anonymous_4)
FNDA:0,(anonymous_5)
DA:15,1
DA:16,1
DA:17,1
DA:18,1
DA:20,1
DA:22,1
DA:23,1
DA:24,0
DA:25,0
DA:26,0
DA:29,1
DA:32,1
DA:36,0
DA:54,0
DA:58,0
LF:15
LH:9
BRDA:25,0,0,0
BRDA:25,0,1,0
BRF:2
BRH:0
end_of_record
TN:
SF:src\pages\UpdateProduct\index.js
FN:15,(anonymous_0)
FN:23,(anonymous_1)
FN:38,(anonymous_2)
FN:49,(anonymous_3)
FN:50,(anonymous_4)
FNF:5
FNH:0
FNDA:0,(anonymous_0)
FNDA:0,(anonymous_1)
FNDA:0,(anonymous_2)
FNDA:0,(anonymous_3)
FNDA:0,(anonymous_4)
DA:15,1
DA:16,0
DA:17,0
DA:18,0
DA:19,0
DA:20,0
DA:21,0
DA:23,0
DA:24,0
DA:25,0
DA:26,0
DA:34,0
DA:36,0
DA:37,0
DA:38,0
DA:40,0
DA:43,0
DA:44,0
DA:45,0
DA:49,0
DA:50,0
DA:51,0
DA:52,0
DA:53,0
DA:54,0
DA:55,0
DA:56,0
DA:58,0
DA:61,0
DA:64,0
LF:30
LH:1
BRDA:36,0,0,0
BRDA:36,0,1,0
BRDA:53,1,0,0
BRDA:53,1,1,0
BRDA:66,2,0,0
BRDA:66,2,1,0
BRF:6
BRH:0
end_of_record
